<?xml version="1.0" encoding="UTF-8"?>
<testng-results ignored="0" total="3" passed="3" failed="0" skipped="0">
  <reporter-output>
  </reporter-output>
  <suite started-at="2024-06-04T13:05:03 IST" name="Default suite" finished-at="2024-06-04T13:05:07 IST" duration-ms="3688">
    <groups>
    </groups>
    <test started-at="2024-06-04T13:05:03 IST" name="Default test" finished-at="2024-06-04T13:05:07 IST" duration-ms="3688">
      <class name="RestAssured_RestAPI">
        <test-method signature="GetTestMethod()[pri:1, instance:RestAssured_RestAPI@4fb61f4a]" started-at="2024-06-04T13:05:03 IST" name="GetTestMethod" finished-at="2024-06-04T13:05:06 IST" duration-ms="2120" status="PASS">
          <reporter-output>
          </reporter-output>
        </test-method> <!-- GetTestMethod -->
        <test-method signature="PostTestMethod()[pri:2, instance:RestAssured_RestAPI@4fb61f4a]" started-at="2024-06-04T13:05:06 IST" name="PostTestMethod" finished-at="2024-06-04T13:05:06 IST" duration-ms="763" status="PASS">
          <reporter-output>
          </reporter-output>
        </test-method> <!-- PostTestMethod -->
        <test-method signature="DeleteTestMethod()[pri:3, instance:RestAssured_RestAPI@4fb61f4a]" started-at="2024-06-04T13:05:06 IST" name="DeleteTestMethod" finished-at="2024-06-04T13:05:07 IST" duration-ms="716" status="PASS">
          <reporter-output>
          </reporter-output>
        </test-method> <!-- DeleteTestMethod -->
      </class> <!-- RestAssured_RestAPI -->
    </test> <!-- Default test -->
  </suite> <!-- Default suite -->
</testng-results>
